{"C:\\Users\\georg\\Desktop\\webdev\\fullstackopen\\notes-app\\frontend\\src\\App.js": {"path":"C:\\Users\\georg\\Desktop\\webdev\\fullstackopen\\notes-app\\frontend\\src\\App.js","statementMap":{"0":{"start":{"line":13,"column":12},"end":{"line":143,"column":1}},"1":{"start":{"line":15,"column":28},"end":{"line":15,"column":40}},"2":{"start":{"line":16,"column":32},"end":{"line":16,"column":46}},"3":{"start":{"line":17,"column":42},"end":{"line":17,"column":56}},"4":{"start":{"line":18,"column":26},"end":{"line":18,"column":40}},"5":{"start":{"line":20,"column":2},"end":{"line":26,"column":9}},"6":{"start":{"line":21,"column":4},"end":{"line":25,"column":9}},"7":{"start":{"line":24,"column":8},"end":{"line":24,"column":27}},"8":{"start":{"line":28,"column":2},"end":{"line":35,"column":9}},"9":{"start":{"line":29,"column":27},"end":{"line":29,"column":70}},"10":{"start":{"line":30,"column":4},"end":{"line":34,"column":5}},"11":{"start":{"line":31,"column":19},"end":{"line":31,"column":45}},"12":{"start":{"line":32,"column":6},"end":{"line":32,"column":20}},"13":{"start":{"line":33,"column":6},"end":{"line":33,"column":39}},"14":{"start":{"line":37,"column":18},"end":{"line":44,"column":3}},"15":{"start":{"line":38,"column":4},"end":{"line":38,"column":43}},"16":{"start":{"line":39,"column":4},"end":{"line":43,"column":9}},"17":{"start":{"line":42,"column":8},"end":{"line":42,"column":41}},"18":{"start":{"line":46,"column":21},"end":{"line":55,"column":3}},"19":{"start":{"line":47,"column":4},"end":{"line":54,"column":9}},"20":{"start":{"line":50,"column":8},"end":{"line":50,"column":55}},"21":{"start":{"line":50,"column":38},"end":{"line":50,"column":52}},"22":{"start":{"line":53,"column":8},"end":{"line":53,"column":47}},"23":{"start":{"line":57,"column":29},"end":{"line":74,"column":3}},"24":{"start":{"line":58,"column":17},"end":{"line":58,"column":45}},"25":{"start":{"line":58,"column":33},"end":{"line":58,"column":44}},"26":{"start":{"line":59,"column":24},"end":{"line":59,"column":63}},"27":{"start":{"line":61,"column":4},"end":{"line":73,"column":9}},"28":{"start":{"line":63,"column":8},"end":{"line":63,"column":74}},"29":{"start":{"line":63,"column":35},"end":{"line":63,"column":71}},"30":{"start":{"line":66,"column":8},"end":{"line":68,"column":10}},"31":{"start":{"line":69,"column":8},"end":{"line":71,"column":17}},"32":{"start":{"line":70,"column":10},"end":{"line":70,"column":32}},"33":{"start":{"line":72,"column":8},"end":{"line":72,"column":49}},"34":{"start":{"line":72,"column":35},"end":{"line":72,"column":46}},"35":{"start":{"line":76,"column":16},"end":{"line":92,"column":3}},"36":{"start":{"line":77,"column":4},"end":{"line":91,"column":5}},"37":{"start":{"line":78,"column":19},"end":{"line":80,"column":7}},"38":{"start":{"line":81,"column":6},"end":{"line":81,"column":39}},"39":{"start":{"line":82,"column":6},"end":{"line":84,"column":8}},"40":{"start":{"line":85,"column":6},"end":{"line":85,"column":20}},"41":{"start":{"line":87,"column":6},"end":{"line":87,"column":43}},"42":{"start":{"line":88,"column":6},"end":{"line":90,"column":15}},"43":{"start":{"line":89,"column":8},"end":{"line":89,"column":30}},"44":{"start":{"line":94,"column":20},"end":{"line":98,"column":3}},"45":{"start":{"line":95,"column":4},"end":{"line":97,"column":13}},"46":{"start":{"line":100,"column":22},"end":{"line":100,"column":30}},"47":{"start":{"line":102,"column":19},"end":{"line":106,"column":3}},"48":{"start":{"line":103,"column":4},"end":{"line":105,"column":13}},"49":{"start":{"line":108,"column":22},"end":{"line":108,"column":76}},"50":{"start":{"line":108,"column":61},"end":{"line":108,"column":75}},"51":{"start":{"line":110,"column":2},"end":{"line":142,"column":4}},"52":{"start":{"line":125,"column":31},"end":{"line":125,"column":51}},"53":{"start":{"line":132,"column":10},"end":{"line":137,"column":12}},"54":{"start":{"line":135,"column":30},"end":{"line":135,"column":49}},"55":{"start":{"line":136,"column":36},"end":{"line":136,"column":63}}},"fnMap":{"0":{"name":"(anonymous_0)","decl":{"start":{"line":13,"column":12},"end":{"line":13,"column":13}},"loc":{"start":{"line":13,"column":18},"end":{"line":143,"column":1}},"line":13},"1":{"name":"(anonymous_1)","decl":{"start":{"line":20,"column":12},"end":{"line":20,"column":13}},"loc":{"start":{"line":20,"column":18},"end":{"line":26,"column":3}},"line":20},"2":{"name":"(anonymous_2)","decl":{"start":{"line":23,"column":12},"end":{"line":23,"column":13}},"loc":{"start":{"line":23,"column":24},"end":{"line":25,"column":7}},"line":23},"3":{"name":"(anonymous_3)","decl":{"start":{"line":28,"column":12},"end":{"line":28,"column":13}},"loc":{"start":{"line":28,"column":18},"end":{"line":35,"column":3}},"line":28},"4":{"name":"(anonymous_4)","decl":{"start":{"line":37,"column":18},"end":{"line":37,"column":19}},"loc":{"start":{"line":37,"column":34},"end":{"line":44,"column":3}},"line":37},"5":{"name":"(anonymous_5)","decl":{"start":{"line":41,"column":12},"end":{"line":41,"column":13}},"loc":{"start":{"line":41,"column":24},"end":{"line":43,"column":7}},"line":41},"6":{"name":"(anonymous_6)","decl":{"start":{"line":46,"column":21},"end":{"line":46,"column":22}},"loc":{"start":{"line":46,"column":29},"end":{"line":55,"column":3}},"line":46},"7":{"name":"(anonymous_7)","decl":{"start":{"line":49,"column":12},"end":{"line":49,"column":13}},"loc":{"start":{"line":49,"column":18},"end":{"line":51,"column":7}},"line":49},"8":{"name":"(anonymous_8)","decl":{"start":{"line":50,"column":30},"end":{"line":50,"column":31}},"loc":{"start":{"line":50,"column":38},"end":{"line":50,"column":52}},"line":50},"9":{"name":"(anonymous_9)","decl":{"start":{"line":52,"column":13},"end":{"line":52,"column":14}},"loc":{"start":{"line":52,"column":19},"end":{"line":54,"column":7}},"line":52},"10":{"name":"(anonymous_10)","decl":{"start":{"line":57,"column":29},"end":{"line":57,"column":30}},"loc":{"start":{"line":57,"column":35},"end":{"line":74,"column":3}},"line":57},"11":{"name":"(anonymous_11)","decl":{"start":{"line":58,"column":28},"end":{"line":58,"column":29}},"loc":{"start":{"line":58,"column":33},"end":{"line":58,"column":44}},"line":58},"12":{"name":"(anonymous_12)","decl":{"start":{"line":62,"column":40},"end":{"line":62,"column":41}},"loc":{"start":{"line":62,"column":56},"end":{"line":64,"column":7}},"line":62},"13":{"name":"(anonymous_13)","decl":{"start":{"line":63,"column":27},"end":{"line":63,"column":28}},"loc":{"start":{"line":63,"column":35},"end":{"line":63,"column":71}},"line":63},"14":{"name":"(anonymous_14)","decl":{"start":{"line":65,"column":13},"end":{"line":65,"column":14}},"loc":{"start":{"line":65,"column":19},"end":{"line":73,"column":7}},"line":65},"15":{"name":"(anonymous_15)","decl":{"start":{"line":69,"column":19},"end":{"line":69,"column":20}},"loc":{"start":{"line":69,"column":25},"end":{"line":71,"column":9}},"line":69},"16":{"name":"(anonymous_16)","decl":{"start":{"line":72,"column":30},"end":{"line":72,"column":31}},"loc":{"start":{"line":72,"column":35},"end":{"line":72,"column":46}},"line":72},"17":{"name":"(anonymous_17)","decl":{"start":{"line":76,"column":16},"end":{"line":76,"column":17}},"loc":{"start":{"line":76,"column":46},"end":{"line":92,"column":3}},"line":76},"18":{"name":"(anonymous_18)","decl":{"start":{"line":88,"column":17},"end":{"line":88,"column":18}},"loc":{"start":{"line":88,"column":23},"end":{"line":90,"column":7}},"line":88},"19":{"name":"(anonymous_19)","decl":{"start":{"line":94,"column":20},"end":{"line":94,"column":21}},"loc":{"start":{"line":95,"column":4},"end":{"line":97,"column":13}},"line":95},"20":{"name":"(anonymous_20)","decl":{"start":{"line":102,"column":19},"end":{"line":102,"column":20}},"loc":{"start":{"line":103,"column":4},"end":{"line":105,"column":13}},"line":103},"21":{"name":"(anonymous_21)","decl":{"start":{"line":108,"column":53},"end":{"line":108,"column":54}},"loc":{"start":{"line":108,"column":61},"end":{"line":108,"column":75}},"line":108},"22":{"name":"(anonymous_22)","decl":{"start":{"line":125,"column":25},"end":{"line":125,"column":26}},"loc":{"start":{"line":125,"column":31},"end":{"line":125,"column":51}},"line":125},"23":{"name":"(anonymous_23)","decl":{"start":{"line":131,"column":25},"end":{"line":131,"column":26}},"loc":{"start":{"line":132,"column":10},"end":{"line":137,"column":12}},"line":132},"24":{"name":"(anonymous_24)","decl":{"start":{"line":135,"column":24},"end":{"line":135,"column":25}},"loc":{"start":{"line":135,"column":30},"end":{"line":135,"column":49}},"line":135},"25":{"name":"(anonymous_25)","decl":{"start":{"line":136,"column":30},"end":{"line":136,"column":31}},"loc":{"start":{"line":136,"column":36},"end":{"line":136,"column":63}},"line":136}},"branchMap":{"0":{"loc":{"start":{"line":30,"column":4},"end":{"line":34,"column":5}},"type":"if","locations":[{"start":{"line":30,"column":4},"end":{"line":34,"column":5}},{"start":{"line":30,"column":4},"end":{"line":34,"column":5}}],"line":30},"1":{"loc":{"start":{"line":63,"column":35},"end":{"line":63,"column":71}},"type":"cond-expr","locations":[{"start":{"line":63,"column":52},"end":{"line":63,"column":56}},{"start":{"line":63,"column":59},"end":{"line":63,"column":71}}],"line":63},"2":{"loc":{"start":{"line":108,"column":22},"end":{"line":108,"column":76}},"type":"cond-expr","locations":[{"start":{"line":108,"column":32},"end":{"line":108,"column":37}},{"start":{"line":108,"column":40},"end":{"line":108,"column":76}}],"line":108},"3":{"loc":{"start":{"line":116,"column":8},"end":{"line":121,"column":16}},"type":"cond-expr","locations":[{"start":{"line":117,"column":10},"end":{"line":117,"column":21}},{"start":{"line":118,"column":10},"end":{"line":121,"column":16}}],"line":116},"4":{"loc":{"start":{"line":124,"column":7},"end":{"line":128,"column":12}},"type":"binary-expr","locations":[{"start":{"line":124,"column":7},"end":{"line":124,"column":25}},{"start":{"line":124,"column":29},"end":{"line":128,"column":12}}],"line":124},"5":{"loc":{"start":{"line":126,"column":16},"end":{"line":126,"column":45}},"type":"cond-expr","locations":[{"start":{"line":126,"column":26},"end":{"line":126,"column":37}},{"start":{"line":126,"column":40},"end":{"line":126,"column":45}}],"line":126}},"s":{"0":0,"1":0,"2":0,"3":0,"4":0,"5":0,"6":0,"7":0,"8":0,"9":0,"10":0,"11":0,"12":0,"13":0,"14":0,"15":0,"16":0,"17":0,"18":0,"19":0,"20":0,"21":0,"22":0,"23":0,"24":0,"25":0,"26":0,"27":0,"28":0,"29":0,"30":0,"31":0,"32":0,"33":0,"34":0,"35":0,"36":0,"37":0,"38":0,"39":0,"40":0,"41":0,"42":0,"43":0,"44":0,"45":0,"46":0,"47":0,"48":0,"49":0,"50":0,"51":0,"52":0,"53":0,"54":0,"55":0},"f":{"0":0,"1":0,"2":0,"3":0,"4":0,"5":0,"6":0,"7":0,"8":0,"9":0,"10":0,"11":0,"12":0,"13":0,"14":0,"15":0,"16":0,"17":0,"18":0,"19":0,"20":0,"21":0,"22":0,"23":0,"24":0,"25":0},"b":{"0":[0,0],"1":[0,0],"2":[0,0],"3":[0,0],"4":[0,0],"5":[0,0]}}
,"C:\\Users\\georg\\Desktop\\webdev\\fullstackopen\\notes-app\\frontend\\src\\index.js": {"path":"C:\\Users\\georg\\Desktop\\webdev\\fullstackopen\\notes-app\\frontend\\src\\index.js","statementMap":{"0":{"start":{"line":6,"column":0},"end":{"line":6,"column":58}}},"fnMap":{},"branchMap":{},"s":{"0":0},"f":{},"b":{}}
,"C:\\Users\\georg\\Desktop\\webdev\\fullstackopen\\notes-app\\frontend\\src\\components\\Footer.js": {"path":"C:\\Users\\georg\\Desktop\\webdev\\fullstackopen\\notes-app\\frontend\\src\\components\\Footer.js","statementMap":{"0":{"start":{"line":3,"column":15},"end":{"line":15,"column":1}},"1":{"start":{"line":4,"column":22},"end":{"line":8,"column":3}},"2":{"start":{"line":9,"column":2},"end":{"line":14,"column":4}}},"fnMap":{"0":{"name":"(anonymous_0)","decl":{"start":{"line":3,"column":15},"end":{"line":3,"column":16}},"loc":{"start":{"line":3,"column":21},"end":{"line":15,"column":1}},"line":3}},"branchMap":{},"s":{"0":0,"1":0,"2":0},"f":{"0":0},"b":{}}
,"C:\\Users\\georg\\Desktop\\webdev\\fullstackopen\\notes-app\\frontend\\src\\components\\LoginForm.js": {"path":"C:\\Users\\georg\\Desktop\\webdev\\fullstackopen\\notes-app\\frontend\\src\\components\\LoginForm.js","statementMap":{"0":{"start":{"line":4,"column":18},"end":{"line":46,"column":1}},"1":{"start":{"line":6,"column":34},"end":{"line":6,"column":46}},"2":{"start":{"line":7,"column":34},"end":{"line":7,"column":46}},"3":{"start":{"line":9,"column":22},"end":{"line":18,"column":3}},"4":{"start":{"line":10,"column":4},"end":{"line":10,"column":27}},"5":{"start":{"line":11,"column":4},"end":{"line":17,"column":5}},"6":{"start":{"line":12,"column":6},"end":{"line":12,"column":32}},"7":{"start":{"line":13,"column":6},"end":{"line":13,"column":22}},"8":{"start":{"line":14,"column":6},"end":{"line":14,"column":22}},"9":{"start":{"line":16,"column":6},"end":{"line":16,"column":25}},"10":{"start":{"line":20,"column":2},"end":{"line":45,"column":4}},"11":{"start":{"line":30,"column":38},"end":{"line":30,"column":63}},"12":{"start":{"line":39,"column":38},"end":{"line":39,"column":63}},"13":{"start":{"line":48,"column":0},"end":{"line":50,"column":2}}},"fnMap":{"0":{"name":"(anonymous_0)","decl":{"start":{"line":4,"column":18},"end":{"line":4,"column":19}},"loc":{"start":{"line":4,"column":33},"end":{"line":46,"column":1}},"line":4},"1":{"name":"(anonymous_1)","decl":{"start":{"line":9,"column":22},"end":{"line":9,"column":23}},"loc":{"start":{"line":9,"column":39},"end":{"line":18,"column":3}},"line":9},"2":{"name":"(anonymous_2)","decl":{"start":{"line":30,"column":22},"end":{"line":30,"column":23}},"loc":{"start":{"line":30,"column":38},"end":{"line":30,"column":63}},"line":30},"3":{"name":"(anonymous_3)","decl":{"start":{"line":39,"column":22},"end":{"line":39,"column":23}},"loc":{"start":{"line":39,"column":38},"end":{"line":39,"column":63}},"line":39}},"branchMap":{},"s":{"0":0,"1":0,"2":0,"3":0,"4":0,"5":0,"6":0,"7":0,"8":0,"9":0,"10":0,"11":0,"12":0,"13":0},"f":{"0":0,"1":0,"2":0,"3":0},"b":{}}
,"C:\\Users\\georg\\Desktop\\webdev\\fullstackopen\\notes-app\\frontend\\src\\components\\Note.js": {"path":"C:\\Users\\georg\\Desktop\\webdev\\fullstackopen\\notes-app\\frontend\\src\\components\\Note.js","statementMap":{"0":{"start":{"line":3,"column":13},"end":{"line":14,"column":1}},"1":{"start":{"line":5,"column":16},"end":{"line":5,"column":72}},"2":{"start":{"line":7,"column":2},"end":{"line":13,"column":4}}},"fnMap":{"0":{"name":"(anonymous_0)","decl":{"start":{"line":3,"column":13},"end":{"line":3,"column":14}},"loc":{"start":{"line":3,"column":57},"end":{"line":14,"column":1}},"line":3}},"branchMap":{"0":{"loc":{"start":{"line":5,"column":16},"end":{"line":5,"column":72}},"type":"cond-expr","locations":[{"start":{"line":5,"column":33},"end":{"line":5,"column":53}},{"start":{"line":5,"column":56},"end":{"line":5,"column":72}}],"line":5}},"s":{"0":1,"1":2,"2":2},"f":{"0":2},"b":{"0":[2,0]},"_coverageSchema":"1a1c01bbd47fc00a2c39e90264f33305004495a9","hash":"28bf0ada571fc3b6c480d9758cfe02fefbac4dff"}
,"C:\\Users\\georg\\Desktop\\webdev\\fullstackopen\\notes-app\\frontend\\src\\components\\NoteForm.js": {"path":"C:\\Users\\georg\\Desktop\\webdev\\fullstackopen\\notes-app\\frontend\\src\\components\\NoteForm.js","statementMap":{"0":{"start":{"line":3,"column":17},"end":{"line":29,"column":1}},"1":{"start":{"line":4,"column":32},"end":{"line":4,"column":44}},"2":{"start":{"line":6,"column":27},"end":{"line":8,"column":3}},"3":{"start":{"line":7,"column":4},"end":{"line":7,"column":35}},"4":{"start":{"line":10,"column":18},"end":{"line":19,"column":3}},"5":{"start":{"line":11,"column":4},"end":{"line":11,"column":27}},"6":{"start":{"line":12,"column":4},"end":{"line":16,"column":7}},"7":{"start":{"line":18,"column":4},"end":{"line":18,"column":19}},"8":{"start":{"line":21,"column":2},"end":{"line":28,"column":12}}},"fnMap":{"0":{"name":"(anonymous_0)","decl":{"start":{"line":3,"column":17},"end":{"line":3,"column":18}},"loc":{"start":{"line":3,"column":37},"end":{"line":29,"column":1}},"line":3},"1":{"name":"(anonymous_1)","decl":{"start":{"line":6,"column":27},"end":{"line":6,"column":28}},"loc":{"start":{"line":6,"column":38},"end":{"line":8,"column":3}},"line":6},"2":{"name":"(anonymous_2)","decl":{"start":{"line":10,"column":18},"end":{"line":10,"column":19}},"loc":{"start":{"line":10,"column":29},"end":{"line":19,"column":3}},"line":10}},"branchMap":{},"s":{"0":1,"1":3,"2":3,"3":1,"4":3,"5":1,"6":1,"7":1,"8":3},"f":{"0":3,"1":1,"2":1},"b":{},"_coverageSchema":"1a1c01bbd47fc00a2c39e90264f33305004495a9","hash":"c1ab2afffaaeab29aeac370bba3d885172b993a9"}
,"C:\\Users\\georg\\Desktop\\webdev\\fullstackopen\\notes-app\\frontend\\src\\components\\Notification.js": {"path":"C:\\Users\\georg\\Desktop\\webdev\\fullstackopen\\notes-app\\frontend\\src\\components\\Notification.js","statementMap":{"0":{"start":{"line":3,"column":21},"end":{"line":13,"column":1}},"1":{"start":{"line":4,"column":2},"end":{"line":6,"column":3}},"2":{"start":{"line":5,"column":4},"end":{"line":5,"column":16}},"3":{"start":{"line":8,"column":2},"end":{"line":12,"column":4}}},"fnMap":{"0":{"name":"(anonymous_0)","decl":{"start":{"line":3,"column":21},"end":{"line":3,"column":22}},"loc":{"start":{"line":3,"column":38},"end":{"line":13,"column":1}},"line":3}},"branchMap":{"0":{"loc":{"start":{"line":4,"column":2},"end":{"line":6,"column":3}},"type":"if","locations":[{"start":{"line":4,"column":2},"end":{"line":6,"column":3}},{"start":{"line":4,"column":2},"end":{"line":6,"column":3}}],"line":4}},"s":{"0":0,"1":0,"2":0,"3":0},"f":{"0":0},"b":{"0":[0,0]}}
,"C:\\Users\\georg\\Desktop\\webdev\\fullstackopen\\notes-app\\frontend\\src\\components\\Toggle.js": {"path":"C:\\Users\\georg\\Desktop\\webdev\\fullstackopen\\notes-app\\frontend\\src\\components\\Toggle.js","statementMap":{"0":{"start":{"line":4,"column":15},"end":{"line":31,"column":2}},"1":{"start":{"line":5,"column":32},"end":{"line":5,"column":47}},"2":{"start":{"line":7,"column":26},"end":{"line":7,"column":60}},"3":{"start":{"line":8,"column":26},"end":{"line":8,"column":60}},"4":{"start":{"line":10,"column":27},"end":{"line":12,"column":3}},"5":{"start":{"line":11,"column":4},"end":{"line":11,"column":25}},"6":{"start":{"line":14,"column":2},"end":{"line":18,"column":5}},"7":{"start":{"line":15,"column":4},"end":{"line":17,"column":6}},"8":{"start":{"line":20,"column":2},"end":{"line":30,"column":4}},"9":{"start":{"line":33,"column":0},"end":{"line":33,"column":30}},"10":{"start":{"line":35,"column":0},"end":{"line":37,"column":2}}},"fnMap":{"0":{"name":"(anonymous_0)","decl":{"start":{"line":4,"column":26},"end":{"line":4,"column":27}},"loc":{"start":{"line":4,"column":42},"end":{"line":31,"column":1}},"line":4},"1":{"name":"(anonymous_1)","decl":{"start":{"line":10,"column":27},"end":{"line":10,"column":28}},"loc":{"start":{"line":10,"column":33},"end":{"line":12,"column":3}},"line":10},"2":{"name":"(anonymous_2)","decl":{"start":{"line":14,"column":27},"end":{"line":14,"column":28}},"loc":{"start":{"line":14,"column":33},"end":{"line":18,"column":3}},"line":14}},"branchMap":{"0":{"loc":{"start":{"line":7,"column":37},"end":{"line":7,"column":58}},"type":"cond-expr","locations":[{"start":{"line":7,"column":47},"end":{"line":7,"column":53}},{"start":{"line":7,"column":56},"end":{"line":7,"column":58}}],"line":7},"1":{"loc":{"start":{"line":8,"column":37},"end":{"line":8,"column":58}},"type":"cond-expr","locations":[{"start":{"line":8,"column":47},"end":{"line":8,"column":49}},{"start":{"line":8,"column":52},"end":{"line":8,"column":58}}],"line":8}},"s":{"0":1,"1":7,"2":7,"3":7,"4":7,"5":3,"6":7,"7":0,"8":7,"9":1,"10":1},"f":{"0":7,"1":3,"2":0},"b":{"0":[2,5],"1":[2,5]},"_coverageSchema":"1a1c01bbd47fc00a2c39e90264f33305004495a9","hash":"bb6470094a3bdfd955b6dcd4a55185f85ce7030b"}
,"C:\\Users\\georg\\Desktop\\webdev\\fullstackopen\\notes-app\\frontend\\src\\services\\login.js": {"path":"C:\\Users\\georg\\Desktop\\webdev\\fullstackopen\\notes-app\\frontend\\src\\services\\login.js","statementMap":{"0":{"start":{"line":2,"column":16},"end":{"line":2,"column":28}},"1":{"start":{"line":4,"column":14},"end":{"line":7,"column":1}},"2":{"start":{"line":5,"column":19},"end":{"line":5,"column":57}},"3":{"start":{"line":6,"column":2},"end":{"line":6,"column":23}},"4":{"start":{"line":9,"column":21},"end":{"line":9,"column":30}}},"fnMap":{"0":{"name":"(anonymous_0)","decl":{"start":{"line":4,"column":14},"end":{"line":4,"column":15}},"loc":{"start":{"line":4,"column":37},"end":{"line":7,"column":1}},"line":4}},"branchMap":{},"s":{"0":0,"1":0,"2":0,"3":0,"4":0},"f":{"0":0},"b":{}}
,"C:\\Users\\georg\\Desktop\\webdev\\fullstackopen\\notes-app\\frontend\\src\\services\\notes.js": {"path":"C:\\Users\\georg\\Desktop\\webdev\\fullstackopen\\notes-app\\frontend\\src\\services\\notes.js","statementMap":{"0":{"start":{"line":2,"column":16},"end":{"line":2,"column":28}},"1":{"start":{"line":4,"column":12},"end":{"line":4,"column":16}},"2":{"start":{"line":6,"column":17},"end":{"line":8,"column":1}},"3":{"start":{"line":7,"column":2},"end":{"line":7,"column":31}},"4":{"start":{"line":10,"column":20},"end":{"line":13,"column":1}},"5":{"start":{"line":11,"column":19},"end":{"line":11,"column":37}},"6":{"start":{"line":12,"column":2},"end":{"line":12,"column":50}},"7":{"start":{"line":12,"column":35},"end":{"line":12,"column":48}},"8":{"start":{"line":15,"column":19},"end":{"line":21,"column":1}},"9":{"start":{"line":16,"column":17},"end":{"line":18,"column":3}},"10":{"start":{"line":19,"column":19},"end":{"line":19,"column":63}},"11":{"start":{"line":20,"column":2},"end":{"line":20,"column":23}},"12":{"start":{"line":23,"column":19},"end":{"line":26,"column":1}},"13":{"start":{"line":24,"column":18},"end":{"line":24,"column":58}},"14":{"start":{"line":25,"column":2},"end":{"line":25,"column":49}},"15":{"start":{"line":25,"column":34},"end":{"line":25,"column":47}},"16":{"start":{"line":28,"column":19},"end":{"line":31,"column":1}},"17":{"start":{"line":29,"column":18},"end":{"line":29,"column":50}},"18":{"start":{"line":30,"column":2},"end":{"line":30,"column":49}},"19":{"start":{"line":30,"column":34},"end":{"line":30,"column":47}},"20":{"start":{"line":33,"column":20},"end":{"line":39,"column":1}}},"fnMap":{"0":{"name":"(anonymous_0)","decl":{"start":{"line":6,"column":17},"end":{"line":6,"column":18}},"loc":{"start":{"line":6,"column":29},"end":{"line":8,"column":1}},"line":6},"1":{"name":"(anonymous_1)","decl":{"start":{"line":10,"column":20},"end":{"line":10,"column":21}},"loc":{"start":{"line":10,"column":26},"end":{"line":13,"column":1}},"line":10},"2":{"name":"(anonymous_2)","decl":{"start":{"line":12,"column":23},"end":{"line":12,"column":24}},"loc":{"start":{"line":12,"column":35},"end":{"line":12,"column":48}},"line":12},"3":{"name":"(anonymous_3)","decl":{"start":{"line":15,"column":19},"end":{"line":15,"column":20}},"loc":{"start":{"line":15,"column":38},"end":{"line":21,"column":1}},"line":15},"4":{"name":"(anonymous_4)","decl":{"start":{"line":23,"column":19},"end":{"line":23,"column":20}},"loc":{"start":{"line":23,"column":38},"end":{"line":26,"column":1}},"line":23},"5":{"name":"(anonymous_5)","decl":{"start":{"line":25,"column":22},"end":{"line":25,"column":23}},"loc":{"start":{"line":25,"column":34},"end":{"line":25,"column":47}},"line":25},"6":{"name":"(anonymous_6)","decl":{"start":{"line":28,"column":19},"end":{"line":28,"column":20}},"loc":{"start":{"line":28,"column":27},"end":{"line":31,"column":1}},"line":28},"7":{"name":"(anonymous_7)","decl":{"start":{"line":30,"column":22},"end":{"line":30,"column":23}},"loc":{"start":{"line":30,"column":34},"end":{"line":30,"column":47}},"line":30}},"branchMap":{},"s":{"0":0,"1":0,"2":0,"3":0,"4":0,"5":0,"6":0,"7":0,"8":0,"9":0,"10":0,"11":0,"12":0,"13":0,"14":0,"15":0,"16":0,"17":0,"18":0,"19":0,"20":0},"f":{"0":0,"1":0,"2":0,"3":0,"4":0,"5":0,"6":0,"7":0},"b":{}}
}
