TN:
SF:src\App.js
FN:13,(anonymous_0)
FN:20,(anonymous_1)
FN:23,(anonymous_2)
FN:28,(anonymous_3)
FN:37,(anonymous_4)
FN:41,(anonymous_5)
FN:46,(anonymous_6)
FN:49,(anonymous_7)
FN:50,(anonymous_8)
FN:52,(anonymous_9)
FN:57,(anonymous_10)
FN:58,(anonymous_11)
FN:62,(anonymous_12)
FN:63,(anonymous_13)
FN:65,(anonymous_14)
FN:69,(anonymous_15)
FN:72,(anonymous_16)
FN:76,(anonymous_17)
FN:88,(anonymous_18)
FN:94,(anonymous_19)
FN:102,(anonymous_20)
FN:108,(anonymous_21)
FN:125,(anonymous_22)
FN:131,(anonymous_23)
FN:135,(anonymous_24)
FN:136,(anonymous_25)
FNF:26
FNH:0
FNDA:0,(anonymous_0)
FNDA:0,(anonymous_1)
FNDA:0,(anonymous_2)
FNDA:0,(anonymous_3)
FNDA:0,(anonymous_4)
FNDA:0,(anonymous_5)
FNDA:0,(anonymous_6)
FNDA:0,(anonymous_7)
FNDA:0,(anonymous_8)
FNDA:0,(anonymous_9)
FNDA:0,(anonymous_10)
FNDA:0,(anonymous_11)
FNDA:0,(anonymous_12)
FNDA:0,(anonymous_13)
FNDA:0,(anonymous_14)
FNDA:0,(anonymous_15)
FNDA:0,(anonymous_16)
FNDA:0,(anonymous_17)
FNDA:0,(anonymous_18)
FNDA:0,(anonymous_19)
FNDA:0,(anonymous_20)
FNDA:0,(anonymous_21)
FNDA:0,(anonymous_22)
FNDA:0,(anonymous_23)
FNDA:0,(anonymous_24)
FNDA:0,(anonymous_25)
DA:13,0
DA:15,0
DA:16,0
DA:17,0
DA:18,0
DA:20,0
DA:21,0
DA:24,0
DA:28,0
DA:29,0
DA:30,0
DA:31,0
DA:32,0
DA:33,0
DA:37,0
DA:38,0
DA:39,0
DA:42,0
DA:46,0
DA:47,0
DA:50,0
DA:53,0
DA:57,0
DA:58,0
DA:59,0
DA:61,0
DA:63,0
DA:66,0
DA:69,0
DA:70,0
DA:72,0
DA:76,0
DA:77,0
DA:78,0
DA:81,0
DA:82,0
DA:85,0
DA:87,0
DA:88,0
DA:89,0
DA:94,0
DA:95,0
DA:100,0
DA:102,0
DA:103,0
DA:108,0
DA:110,0
DA:125,0
DA:132,0
DA:135,0
DA:136,0
LF:51
LH:0
BRDA:30,0,0,0
BRDA:30,0,1,0
BRDA:63,1,0,0
BRDA:63,1,1,0
BRDA:108,2,0,0
BRDA:108,2,1,0
BRDA:116,3,0,0
BRDA:116,3,1,0
BRDA:124,4,0,0
BRDA:124,4,1,0
BRDA:126,5,0,0
BRDA:126,5,1,0
BRF:12
BRH:0
end_of_record
TN:
SF:src\index.js
FNF:0
FNH:0
DA:6,0
LF:1
LH:0
BRF:0
BRH:0
end_of_record
TN:
SF:src\components\Footer.js
FN:3,(anonymous_0)
FNF:1
FNH:0
FNDA:0,(anonymous_0)
DA:3,0
DA:4,0
DA:9,0
LF:3
LH:0
BRF:0
BRH:0
end_of_record
TN:
SF:src\components\LoginForm.js
FN:4,(anonymous_0)
FN:9,(anonymous_1)
FN:30,(anonymous_2)
FN:39,(anonymous_3)
FNF:4
FNH:0
FNDA:0,(anonymous_0)
FNDA:0,(anonymous_1)
FNDA:0,(anonymous_2)
FNDA:0,(anonymous_3)
DA:4,0
DA:6,0
DA:7,0
DA:9,0
DA:10,0
DA:11,0
DA:12,0
DA:13,0
DA:14,0
DA:16,0
DA:20,0
DA:30,0
DA:39,0
DA:48,0
LF:14
LH:0
BRF:0
BRH:0
end_of_record
TN:
SF:src\components\Note.js
FN:3,(anonymous_0)
FNF:1
FNH:1
FNDA:2,(anonymous_0)
DA:3,1
DA:5,2
DA:7,2
LF:3
LH:3
BRDA:5,0,0,2
BRDA:5,0,1,0
BRF:2
BRH:1
end_of_record
TN:
SF:src\components\NoteForm.js
FN:3,(anonymous_0)
FN:6,(anonymous_1)
FN:10,(anonymous_2)
FNF:3
FNH:3
FNDA:3,(anonymous_0)
FNDA:1,(anonymous_1)
FNDA:1,(anonymous_2)
DA:3,1
DA:4,3
DA:6,3
DA:7,1
DA:10,3
DA:11,1
DA:12,1
DA:18,1
DA:21,3
LF:9
LH:9
BRF:0
BRH:0
end_of_record
TN:
SF:src\components\Notification.js
FN:3,(anonymous_0)
FNF:1
FNH:0
FNDA:0,(anonymous_0)
DA:3,0
DA:4,0
DA:5,0
DA:8,0
LF:4
LH:0
BRDA:4,0,0,0
BRDA:4,0,1,0
BRF:2
BRH:0
end_of_record
TN:
SF:src\components\Toggle.js
FN:4,(anonymous_0)
FN:10,(anonymous_1)
FN:14,(anonymous_2)
FNF:3
FNH:2
FNDA:7,(anonymous_0)
FNDA:3,(anonymous_1)
FNDA:0,(anonymous_2)
DA:4,1
DA:5,7
DA:7,7
DA:8,7
DA:10,7
DA:11,3
DA:14,7
DA:15,0
DA:20,7
DA:33,1
DA:35,1
LF:11
LH:10
BRDA:7,0,0,2
BRDA:7,0,1,5
BRDA:8,1,0,2
BRDA:8,1,1,5
BRF:4
BRH:4
end_of_record
TN:
SF:src\services\login.js
FN:4,(anonymous_0)
FNF:1
FNH:0
FNDA:0,(anonymous_0)
DA:2,0
DA:4,0
DA:5,0
DA:6,0
DA:9,0
LF:5
LH:0
BRF:0
BRH:0
end_of_record
TN:
SF:src\services\notes.js
FN:6,(anonymous_0)
FN:10,(anonymous_1)
FN:12,(anonymous_2)
FN:15,(anonymous_3)
FN:23,(anonymous_4)
FN:25,(anonymous_5)
FN:28,(anonymous_6)
FN:30,(anonymous_7)
FNF:8
FNH:0
FNDA:0,(anonymous_0)
FNDA:0,(anonymous_1)
FNDA:0,(anonymous_2)
FNDA:0,(anonymous_3)
FNDA:0,(anonymous_4)
FNDA:0,(anonymous_5)
FNDA:0,(anonymous_6)
FNDA:0,(anonymous_7)
DA:2,0
DA:4,0
DA:6,0
DA:7,0
DA:10,0
DA:11,0
DA:12,0
DA:15,0
DA:16,0
DA:19,0
DA:20,0
DA:23,0
DA:24,0
DA:25,0
DA:28,0
DA:29,0
DA:30,0
DA:33,0
LF:18
LH:0
BRF:0
BRH:0
end_of_record
